# JRE version: Java(TM) SE Runtime Environment (8.0_60-b27) (build 1.8.0_60-b27)
# Java VM: Java HotSpot(TM) 64-Bit Server VM (25.60-b23 mixed mode windows-amd64 compressed oops)
Heap:
 PSYoungGen      total 146432K, used 132250K [0x00000000eab00000, 0x00000000f9d00000, 0x0000000100000000)
  eden space 97280K, 85% used [0x00000000eab00000,0x00000000efc289c8,0x00000000f0a00000)
  from space 49152K, 99% used [0x00000000f4600000,0x00000000f75fdfb0,0x00000000f7600000)
  to   space 61440K, 0% used [0x00000000f0a00000,0x00000000f0a00000,0x00000000f4600000)
 ParOldGen       total 142336K, used 77890K [0x00000000c0000000, 0x00000000c8b00000, 0x00000000eab00000)
  object space 142336K, 54% used [0x00000000c0000000,0x00000000c4c10b80,0x00000000c8b00000)
 Metaspace       used 6356K, capacity 7192K, committed 7424K, reserved 1056768K
  class space    used 611K, capacity 656K, committed 768K, reserved 1048576K
GC Heap History (10 events):
Event: 10.856 GC heap before
{Heap before GC invocations=6 (full 1):
 PSYoungGen      total 68096K, used 65536K [0x00000000eab00000, 0x00000000ef000000, 0x0000000100000000)
  eden space 65536K, 100% used [0x00000000eab00000,0x00000000eeb00000,0x00000000eeb00000)
  from space 2560K, 0% used [0x00000000eed80000,0x00000000eed80000,0x00000000ef000000)
  to   space 2560K, 0% used [0x00000000eeb00000,0x00000000eeb00000,0x00000000eed80000)
 ParOldGen       total 83968K, used 37695K [0x00000000c0000000, 0x00000000c5200000, 0x00000000eab00000)
  object space 83968K, 44% used [0x00000000c0000000,0x00000000c24cff20,0x00000000c5200000)
 Metaspace       used 6025K, capacity 7024K, committed 7296K, reserved 1056768K
  class space    used 589K, capacity 616K, committed 640K, reserved 1048576K
Event: 10.902 GC heap after
Heap after GC invocations=6 (full 1):
 PSYoungGen      total 68096K, used 2560K [0x00000000eab00000, 0x00000000f6580000, 0x0000000100000000)
  eden space 65536K, 0% used [0x00000000eab00000,0x00000000eab00000,0x00000000eeb00000)
  from space 2560K, 100% used [0x00000000eeb00000,0x00000000eed80000,0x00000000eed80000)
  to   space 39936K, 0% used [0x00000000f3e80000,0x00000000f3e80000,0x00000000f6580000)
 ParOldGen       total 83968K, used 70040K [0x00000000c0000000, 0x00000000c5200000, 0x00000000eab00000)
  object space 83968K, 83% used [0x00000000c0000000,0x00000000c4466290,0x00000000c5200000)
 Metaspace       used 6025K, capacity 7024K, committed 7296K, reserved 1056768K
  class space    used 589K, capacity 616K, committed 640K, reserved 1048576K
}
Event: 10.902 GC heap before
{Heap before GC invocations=7 (full 2):
 PSYoungGen      total 68096K, used 2560K [0x00000000eab00000, 0x00000000f6580000, 0x0000000100000000)
  eden space 65536K, 0% used [0x00000000eab00000,0x00000000eab00000,0x00000000eeb00000)
  from space 2560K, 100% used [0x00000000eeb00000,0x00000000eed80000,0x00000000eed80000)
  to   space 39936K, 0% used [0x00000000f3e80000,0x00000000f3e80000,0x00000000f6580000)
 ParOldGen       total 83968K, used 70040K [0x00000000c0000000, 0x00000000c5200000, 0x00000000eab00000)
  object space 83968K, 83% used [0x00000000c0000000,0x00000000c4466290,0x00000000c5200000)
 Metaspace       used 6025K, capacity 7024K, committed 7296K, reserved 1056768K
  class space    used 589K, capacity 616K, committed 640K, reserved 1048576K
Event: 11.208 GC heap after
Heap after GC invocations=7 (full 2):
 PSYoungGen      total 68096K, used 0K [0x00000000eab00000, 0x00000000f6580000, 0x0000000100000000)
  eden space 65536K, 0% used [0x00000000eab00000,0x00000000eab00000,0x00000000eeb00000)
  from space 2560K, 0% used [0x00000000eeb00000,0x00000000eeb00000,0x00000000eed80000)
  to   space 39936K, 0% used [0x00000000f3e80000,0x00000000f3e80000,0x00000000f6580000)
 ParOldGen       total 142336K, used 69156K [0x00000000c0000000, 0x00000000c8b00000, 0x00000000eab00000)
  object space 142336K, 48% used [0x00000000c0000000,0x00000000c43892b8,0x00000000c8b00000)
 Metaspace       used 6025K, capacity 7024K, committed 7296K, reserved 1056768K
  class space    used 589K, capacity 616K, committed 640K, reserved 1048576K
}
Event: 11.728 GC heap before
{Heap before GC invocations=8 (full 2):
 PSYoungGen      total 68096K, used 65536K [0x00000000eab00000, 0x00000000f6580000, 0x0000000100000000)
  eden space 65536K, 100% used [0x00000000eab00000,0x00000000eeb00000,0x00000000eeb00000)
  from space 2560K, 0% used [0x00000000eeb00000,0x00000000eeb00000,0x00000000eed80000)
  to   space 39936K, 0% used [0x00000000f3e80000,0x00000000f3e80000,0x00000000f6580000)
 ParOldGen       total 142336K, used 69156K [0x00000000c0000000, 0x00000000c8b00000, 0x00000000eab00000)
  object space 142336K, 48% used [0x00000000c0000000,0x00000000c43892b8,0x00000000c8b00000)
 Metaspace       used 6030K, capacity 7024K, committed 7296K, reserved 1056768K
  class space    used 590K, capacity 616K, committed 640K, reserved 1048576K
Event: 11.752 GC heap after
Heap after GC invocations=8 (full 2):
 PSYoungGen      total 108032K, used 24383K [0x00000000eab00000, 0x00000000f5680000, 0x0000000100000000)
  eden space 83456K, 0% used [0x00000000eab00000,0x00000000eab00000,0x00000000efc80000)
  from space 24576K, 99% used [0x00000000f3e80000,0x00000000f564ffc0,0x00000000f5680000)
  to   space 40448K, 0% used [0x00000000f0780000,0x00000000f0780000,0x00000000f2f00000)
 ParOldGen       total 142336K, used 69156K [0x00000000c0000000, 0x00000000c8b00000, 0x00000000eab00000)
  object space 142336K, 48% used [0x00000000c0000000,0x00000000c43892b8,0x00000000c8b00000)
 Metaspace       used 6030K, capacity 7024K, committed 7296K, reserved 1056768K
  class space    used 590K, capacity 616K, committed 640K, reserved 1048576K
}
Event: 12.143 GC heap before
{Heap before GC invocations=9 (full 2):
 PSYoungGen      total 108032K, used 107839K [0x00000000eab00000, 0x00000000f5680000, 0x0000000100000000)
  eden space 83456K, 100% used [0x00000000eab00000,0x00000000efc80000,0x00000000efc80000)
  from space 24576K, 99% used [0x00000000f3e80000,0x00000000f564ffc0,0x00000000f5680000)
  to   space 40448K, 0% used [0x00000000f0780000,0x00000000f0780000,0x00000000f2f00000)
 ParOldGen       total 142336K, used 69156K [0x00000000c0000000, 0x00000000c8b00000, 0x00000000eab00000)
  object space 142336K, 48% used [0x00000000c0000000,0x00000000c43892b8,0x00000000c8b00000)
 Metaspace       used 6092K, capacity 7088K, committed 7296K, reserved 1056768K
  class space    used 590K, capacity 616K, committed 640K, reserved 1048576K
Event: 12.202 GC heap after
Heap after GC invocations=9 (full 2):
 PSYoungGen      total 135168K, used 40425K [0x00000000eab00000, 0x00000000f7600000, 0x0000000100000000)
  eden space 94720K, 0% used [0x00000000eab00000,0x00000000eab00000,0x00000000f0780000)
  from space 40448K, 99% used [0x00000000f0780000,0x00000000f2efa560,0x00000000f2f00000)
  to   space 49152K, 0% used [0x00000000f4600000,0x00000000f4600000,0x00000000f7600000)
 ParOldGen       total 142336K, used 69767K [0x00000000c0000000, 0x00000000c8b00000, 0x00000000eab00000)
  object space 142336K, 49% used [0x00000000c0000000,0x00000000c4421df8,0x00000000c8b00000)
 Metaspace       used 6092K, capacity 7088K, committed 7296K, reserved 1056768K
  class space    used 590K, capacity 616K, committed 640K, reserved 1048576K
}
Event: 13.108 GC heap before
{Heap before GC invocations=10 (full 2):
 PSYoungGen      total 135168K, used 135145K [0x00000000eab00000, 0x00000000f7600000, 0x0000000100000000)
  eden space 94720K, 100% used [0x00000000eab00000,0x00000000f0780000,0x00000000f0780000)
  from space 40448K, 99% used [0x00000000f0780000,0x00000000f2efa560,0x00000000f2f00000)
  to   space 49152K, 0% used [0x00000000f4600000,0x00000000f4600000,0x00000000f7600000)
 ParOldGen       total 142336K, used 69767K [0x00000000c0000000, 0x00000000c8b00000, 0x00000000eab00000)
  object space 142336K, 49% used [0x00000000c0000000,0x00000000c4421df8,0x00000000c8b00000)
 Metaspace       used 6310K, capacity 7192K, committed 7424K, reserved 1056768K
  class space    used 611K, capacity 656K, committed 768K, reserved 1048576K
Event: 13.210 GC heap after
Heap after GC invocations=10 (full 2):
 PSYoungGen      total 146432K, used 49143K [0x00000000eab00000, 0x00000000f9d00000, 0x0000000100000000)
  eden space 97280K, 0% used [0x00000000eab00000,0x00000000eab00000,0x00000000f0a00000)
  from space 49152K, 99% used [0x00000000f4600000,0x00000000f75fdfb0,0x00000000f7600000)
  to   space 61440K, 0% used [0x00000000f0a00000,0x00000000f0a00000,0x00000000f4600000)
 ParOldGen       total 142336K, used 77890K [0x00000000c0000000, 0x00000000c8b00000, 0x00000000eab00000)
  object space 142336K, 54% used [0x00000000c0000000,0x00000000c4c10b80,0x00000000c8b00000)
 Metaspace       used 6310K, capacity 7192K, committed 7424K, reserved 1056768K
  class space    used 611K, capacity 656K, committed 768K, reserved 1048576K
}

