# JRE version: Java(TM) SE Runtime Environment (8.0_60-b27) (build 1.8.0_60-b27)
# Java VM: Java HotSpot(TM) 64-Bit Server VM (25.60-b23 mixed mode windows-amd64 compressed oops)
Heap:
 PSYoungGen      total 198144K, used 136370K [0x00000000eab00000, 0x00000000fbc00000, 0x0000000100000000)
  eden space 141312K, 56% used [0x00000000eab00000,0x00000000ef8ef628,0x00000000f3500000)
  from space 56832K, 99% used [0x00000000f8480000,0x00000000fbbbd358,0x00000000fbc00000)
  to   space 68096K, 0% used [0x00000000f3700000,0x00000000f3700000,0x00000000f7980000)
 ParOldGen       total 173056K, used 120221K [0x00000000c0000000, 0x00000000ca900000, 0x00000000eab00000)
  object space 173056K, 69% used [0x00000000c0000000,0x00000000c75674c0,0x00000000ca900000)
 Metaspace       used 6294K, capacity 7192K, committed 7424K, reserved 1056768K
  class space    used 611K, capacity 656K, committed 768K, reserved 1048576K
GC Heap History (10 events):
Event: 12.159 GC heap before
{Heap before GC invocations=8 (full 1):
 PSYoungGen      total 75264K, used 9722K [0x00000000eab00000, 0x00000000f5d00000, 0x0000000100000000)
  eden space 65536K, 0% used [0x00000000eab00000,0x00000000eab00000,0x00000000eeb00000)
  from space 9728K, 99% used [0x00000000eeb00000,0x00000000ef47e910,0x00000000ef480000)
  to   space 25600K, 0% used [0x00000000f4400000,0x00000000f4400000,0x00000000f5d00000)
 ParOldGen       total 50688K, used 50245K [0x00000000c0000000, 0x00000000c3180000, 0x00000000eab00000)
  object space 50688K, 99% used [0x00000000c0000000,0x00000000c3111590,0x00000000c3180000)
 Metaspace       used 6283K, capacity 7192K, committed 7424K, reserved 1056768K
  class space    used 609K, capacity 656K, committed 768K, reserved 1048576K
Event: 12.573 GC heap after
Heap after GC invocations=8 (full 1):
 PSYoungGen      total 75264K, used 2850K [0x00000000eab00000, 0x00000000f5d00000, 0x0000000100000000)
  eden space 65536K, 0% used [0x00000000eab00000,0x00000000eab00000,0x00000000eeb00000)
  from space 9728K, 29% used [0x00000000eeb00000,0x00000000eedc8bd0,0x00000000ef480000)
  to   space 25600K, 0% used [0x00000000f4400000,0x00000000f4400000,0x00000000f5d00000)
 ParOldGen       total 90624K, used 50370K [0x00000000c0000000, 0x00000000c5880000, 0x00000000eab00000)
  object space 90624K, 55% used [0x00000000c0000000,0x00000000c3130a48,0x00000000c5880000)
 Metaspace       used 6283K, capacity 7192K, committed 7424K, reserved 1056768K
  class space    used 609K, capacity 656K, committed 768K, reserved 1048576K
}
Event: 12.850 GC heap before
{Heap before GC invocations=9 (full 1):
 PSYoungGen      total 75264K, used 68386K [0x00000000eab00000, 0x00000000f5d00000, 0x0000000100000000)
  eden space 65536K, 100% used [0x00000000eab00000,0x00000000eeb00000,0x00000000eeb00000)
  from space 9728K, 29% used [0x00000000eeb00000,0x00000000eedc8bd0,0x00000000ef480000)
  to   space 25600K, 0% used [0x00000000f4400000,0x00000000f4400000,0x00000000f5d00000)
 ParOldGen       total 90624K, used 50370K [0x00000000c0000000, 0x00000000c5880000, 0x00000000eab00000)
  object space 90624K, 55% used [0x00000000c0000000,0x00000000c3130a48,0x00000000c5880000)
 Metaspace       used 6292K, capacity 7192K, committed 7424K, reserved 1056768K
  class space    used 611K, capacity 656K, committed 768K, reserved 1048576K
Event: 12.892 GC heap after
Heap after GC invocations=9 (full 1):
 PSYoungGen      total 138240K, used 25579K [0x00000000eab00000, 0x00000000f5d00000, 0x0000000100000000)
  eden space 112640K, 0% used [0x00000000eab00000,0x00000000eab00000,0x00000000f1900000)
  from space 25600K, 99% used [0x00000000f4400000,0x00000000f5cfaef0,0x00000000f5d00000)
  to   space 33792K, 0% used [0x00000000f1b00000,0x00000000f1b00000,0x00000000f3c00000)
 ParOldGen       total 90624K, used 57958K [0x00000000c0000000, 0x00000000c5880000, 0x00000000eab00000)
  object space 90624K, 63% used [0x00000000c0000000,0x00000000c3899b50,0x00000000c5880000)
 Metaspace       used 6292K, capacity 7192K, committed 7424K, reserved 1056768K
  class space    used 611K, capacity 656K, committed 768K, reserved 1048576K
}
Event: 13.290 GC heap before
{Heap before GC invocations=10 (full 1):
 PSYoungGen      total 138240K, used 138219K [0x00000000eab00000, 0x00000000f5d00000, 0x0000000100000000)
  eden space 112640K, 100% used [0x00000000eab00000,0x00000000f1900000,0x00000000f1900000)
  from space 25600K, 99% used [0x00000000f4400000,0x00000000f5cfaef0,0x00000000f5d00000)
  to   space 33792K, 0% used [0x00000000f1b00000,0x00000000f1b00000,0x00000000f3c00000)
 ParOldGen       total 90624K, used 57958K [0x00000000c0000000, 0x00000000c5880000, 0x00000000eab00000)
  object space 90624K, 63% used [0x00000000c0000000,0x00000000c3899b50,0x00000000c5880000)
 Metaspace       used 6293K, capacity 7192K, committed 7424K, reserved 1056768K
  class space    used 611K, capacity 656K, committed 768K, reserved 1048576K
Event: 13.375 GC heap after
Heap after GC invocations=10 (full 1):
 PSYoungGen      total 148480K, used 33775K [0x00000000eab00000, 0x00000000fbd80000, 0x0000000100000000)
  eden space 114688K, 0% used [0x00000000eab00000,0x00000000eab00000,0x00000000f1b00000)
  from space 33792K, 99% used [0x00000000f1b00000,0x00000000f3bfbc90,0x00000000f3c00000)
  to   space 58368K, 0% used [0x00000000f8480000,0x00000000f8480000,0x00000000fbd80000)
 ParOldGen       total 105984K, used 105341K [0x00000000c0000000, 0x00000000c6780000, 0x00000000eab00000)
  object space 105984K, 99% used [0x00000000c0000000,0x00000000c66df528,0x00000000c6780000)
 Metaspace       used 6293K, capacity 7192K, committed 7424K, reserved 1056768K
  class space    used 611K, capacity 656K, committed 768K, reserved 1048576K
}
Event: 13.375 GC heap before
{Heap before GC invocations=11 (full 2):
 PSYoungGen      total 148480K, used 33775K [0x00000000eab00000, 0x00000000fbd80000, 0x0000000100000000)
  eden space 114688K, 0% used [0x00000000eab00000,0x00000000eab00000,0x00000000f1b00000)
  from space 33792K, 99% used [0x00000000f1b00000,0x00000000f3bfbc90,0x00000000f3c00000)
  to   space 58368K, 0% used [0x00000000f8480000,0x00000000f8480000,0x00000000fbd80000)
 ParOldGen       total 105984K, used 105341K [0x00000000c0000000, 0x00000000c6780000, 0x00000000eab00000)
  object space 105984K, 99% used [0x00000000c0000000,0x00000000c66df528,0x00000000c6780000)
 Metaspace       used 6293K, capacity 7192K, committed 7424K, reserved 1056768K
  class space    used 611K, capacity 656K, committed 768K, reserved 1048576K
Event: 13.758 GC heap after
Heap after GC invocations=11 (full 2):
 PSYoungGen      total 148480K, used 26278K [0x00000000eab00000, 0x00000000fbd80000, 0x0000000100000000)
  eden space 114688K, 0% used [0x00000000eab00000,0x00000000eab00000,0x00000000f1b00000)
  from space 33792K, 77% used [0x00000000f1b00000,0x00000000f34a9848,0x00000000f3c00000)
  to   space 58368K, 0% used [0x00000000f8480000,0x00000000f8480000,0x00000000fbd80000)
 ParOldGen       total 173056K, used 105782K [0x00000000c0000000, 0x00000000ca900000, 0x00000000eab00000)
  object space 173056K, 61% used [0x00000000c0000000,0x00000000c674da58,0x00000000ca900000)
 Metaspace       used 6293K, capacity 7192K, committed 7424K, reserved 1056768K
  class space    used 611K, capacity 656K, committed 768K, reserved 1048576K
}
Event: 14.138 GC heap before
{Heap before GC invocations=12 (full 2):
 PSYoungGen      total 148480K, used 140966K [0x00000000eab00000, 0x00000000fbd80000, 0x0000000100000000)
  eden space 114688K, 100% used [0x00000000eab00000,0x00000000f1b00000,0x00000000f1b00000)
  from space 33792K, 77% used [0x00000000f1b00000,0x00000000f34a9848,0x00000000f3c00000)
  to   space 58368K, 0% used [0x00000000f8480000,0x00000000f8480000,0x00000000fbd80000)
 ParOldGen       total 173056K, used 105782K [0x00000000c0000000, 0x00000000ca900000, 0x00000000eab00000)
  object space 173056K, 61% used [0x00000000c0000000,0x00000000c674da58,0x00000000ca900000)
 Metaspace       used 6294K, capacity 7192K, committed 7424K, reserved 1056768K
  class space    used 611K, capacity 656K, committed 768K, reserved 1048576K
Event: 14.245 GC heap after
Heap after GC invocations=12 (full 2):
 PSYoungGen      total 198144K, used 56564K [0x00000000eab00000, 0x00000000fbc00000, 0x0000000100000000)
  eden space 141312K, 0% used [0x00000000eab00000,0x00000000eab00000,0x00000000f3500000)
  from space 56832K, 99% used [0x00000000f8480000,0x00000000fbbbd358,0x00000000fbc00000)
  to   space 68096K, 0% used [0x00000000f3700000,0x00000000f3700000,0x00000000f7980000)
 ParOldGen       total 173056K, used 120221K [0x00000000c0000000, 0x00000000ca900000, 0x00000000eab00000)
  object space 173056K, 69% used [0x00000000c0000000,0x00000000c75674c0,0x00000000ca900000)
 Metaspace       used 6294K, capacity 7192K, committed 7424K, reserved 1056768K
  class space    used 611K, capacity 656K, committed 768K, reserved 1048576K
}

